0 info it worked if it ends with ok
1 verbose cli [ '/usr/bin/node', '/usr/bin/npm', 'start' ]
2 info using npm@3.8.6
3 info using node@v5.11.0
4 verbose run-script [ 'prestart', 'start', 'poststart' ]
5 info lifecycle email-client@1.0.0~prestart: email-client@1.0.0
6 verbose lifecycle email-client@1.0.0~prestart: unsafe-perm in lifecycle true
7 verbose lifecycle email-client@1.0.0~prestart: PATH: /usr/lib/node_modules/npm/bin/node-gyp-bin:/home/osboxes/projects/email-client/node_modules/.bin:/usr/bin:/usr/lib64/qt-3.3/bin:/usr/local/bin:/usr/local/sbin:/usr/bin:/usr/sbin:/bin:/sbin:/home/osboxes/.local/bin:/home/osboxes/bin:/home/osboxes/.local/bin:/home/osboxes/bin
8 verbose lifecycle email-client@1.0.0~prestart: CWD: /home/osboxes/projects/email-client
9 silly lifecycle email-client@1.0.0~prestart: Args: [ '-c', 'npm run build' ]
10 silly lifecycle email-client@1.0.0~prestart: Returned: code: 0  signal: null
11 info lifecycle email-client@1.0.0~start: email-client@1.0.0
12 verbose lifecycle email-client@1.0.0~start: unsafe-perm in lifecycle true
13 verbose lifecycle email-client@1.0.0~start: PATH: /usr/lib/node_modules/npm/bin/node-gyp-bin:/home/osboxes/projects/email-client/node_modules/.bin:/usr/bin:/usr/lib64/qt-3.3/bin:/usr/local/bin:/usr/local/sbin:/usr/bin:/usr/sbin:/bin:/sbin:/home/osboxes/.local/bin:/home/osboxes/bin:/home/osboxes/.local/bin:/home/osboxes/bin
14 verbose lifecycle email-client@1.0.0~start: CWD: /home/osboxes/projects/email-client
15 silly lifecycle email-client@1.0.0~start: Args: [ '-c', 'nodemon app --exec babel-node' ]
16 silly lifecycle email-client@1.0.0~start: Returned: code: 1  signal: null
17 info lifecycle email-client@1.0.0~start: Failed to exec start script
18 verbose stack Error: email-client@1.0.0 start: `nodemon app --exec babel-node`
18 verbose stack Exit status 1
18 verbose stack     at EventEmitter.<anonymous> (/usr/lib/node_modules/npm/lib/utils/lifecycle.js:239:16)
18 verbose stack     at emitTwo (events.js:100:13)
18 verbose stack     at EventEmitter.emit (events.js:185:7)
18 verbose stack     at ChildProcess.<anonymous> (/usr/lib/node_modules/npm/lib/utils/spawn.js:24:14)
18 verbose stack     at emitTwo (events.js:100:13)
18 verbose stack     at ChildProcess.emit (events.js:185:7)
18 verbose stack     at maybeClose (internal/child_process.js:850:16)
18 verbose stack     at Process.ChildProcess._handle.onexit (internal/child_process.js:215:5)
19 verbose pkgid email-client@1.0.0
20 verbose cwd /home/osboxes/projects/email-client
21 error Linux 4.4.6-201.fc22.x86_64
22 error argv "/usr/bin/node" "/usr/bin/npm" "start"
23 error node v5.11.0
24 error npm  v3.8.6
25 error code ELIFECYCLE
26 error email-client@1.0.0 start: `nodemon app --exec babel-node`
26 error Exit status 1
27 error Failed at the email-client@1.0.0 start script 'nodemon app --exec babel-node'.
27 error Make sure you have the latest version of node.js and npm installed.
27 error If you do, this is most likely a problem with the email-client package,
27 error not with npm itself.
27 error Tell the author that this fails on your system:
27 error     nodemon app --exec babel-node
27 error You can get information on how to open an issue for this project with:
27 error     npm bugs email-client
27 error Or if that isn't available, you can get their info via:
27 error     npm owner ls email-client
27 error There is likely additional logging output above.
28 verbose exit [ 1, true ]
